<?xml version="1.0" encoding="UTF-8"?>
<coverage generated="1661447956781" clover="3.2.0">
  <project timestamp="1661447956781" name="All files">
    <metrics statements="26" coveredstatements="25" conditionals="5" coveredconditionals="4" methods="5" coveredmethods="5" elements="36" coveredelements="34" complexity="0" loc="26" ncloc="26" packages="1" files="1" classes="1"/>
    <file name="FileReader.ts" path="C:\Users\Cyril\Desktop\PLTTest\src\reader\FileReader.ts">
      <metrics statements="26" coveredstatements="25" conditionals="5" coveredconditionals="4" methods="5" coveredmethods="5"/>
      <line num="3" count="1" type="stmt"/>
      <line num="4" count="1" type="stmt"/>
      <line num="5" count="1" type="stmt"/>
      <line num="6" count="1" type="stmt"/>
      <line num="7" count="1" type="stmt"/>
      <line num="8" count="1" type="stmt"/>
      <line num="10" count="5" type="stmt"/>
      <line num="11" count="5" type="stmt"/>
      <line num="12" count="5" type="stmt"/>
      <line num="13" count="5" type="stmt"/>
      <line num="17" count="5" type="stmt"/>
      <line num="24" count="5" type="stmt"/>
      <line num="25" count="5" type="stmt"/>
      <line num="26" count="207" type="cond" truecount="1" falsecount="0"/>
      <line num="27" count="5" type="stmt"/>
      <line num="28" count="5" type="stmt"/>
      <line num="31" count="5" type="stmt"/>
      <line num="35" count="5" type="stmt"/>
      <line num="36" count="5" type="stmt"/>
      <line num="37" count="313" type="cond" truecount="2" falsecount="0"/>
      <line num="38" count="5" type="stmt"/>
      <line num="39" count="5" type="stmt"/>
      <line num="40" count="308" type="cond" truecount="1" falsecount="1"/>
      <line num="41" count="308" type="stmt"/>
      <line num="43" count="0" type="stmt"/>
      <line num="46" count="5" type="stmt"/>
    </file>
  </project>
</coverage>
