{"C:\\Users\\Cyril\\Desktop\\PLTTest\\src\\reader\\FileReader.ts": {"path":"C:\\Users\\Cyril\\Desktop\\PLTTest\\src\\reader\\FileReader.ts","statementMap":{"0":{"start":{"line":3,"column":0},"end":{"line":3,"column":20}},"1":{"start":{"line":5,"column":12},"end":{"line":5,"column":48}},"2":{"start":{"line":6,"column":12},"end":{"line":6,"column":55}},"3":{"start":{"line":7,"column":12},"end":{"line":7,"column":29}},"4":{"start":{"line":8,"column":12},"end":{"line":8,"column":33}},"5":{"start":{"line":10,"column":10},"end":{"line":10,"column":54}},"6":{"start":{"line":11,"column":10},"end":{"line":11,"column":64}},"7":{"start":{"line":12,"column":34},"end":{"line":12,"column":59}},"8":{"start":{"line":13,"column":10},"end":{"line":13,"column":33}},"9":{"start":{"line":17,"column":6},"end":{"line":20,"column":null}},"10":{"start":{"line":24,"column":21},"end":{"line":24,"column":82}},"11":{"start":{"line":25,"column":6},"end":{"line":30,"column":null}},"12":{"start":{"line":25,"column":18},"end":{"line":25,"column":19}},"13":{"start":{"line":26,"column":8},"end":{"line":29,"column":null}},"14":{"start":{"line":27,"column":10},"end":{"line":27,"column":43}},"15":{"start":{"line":28,"column":10},"end":{"line":28,"column":16}},"16":{"start":{"line":31,"column":6},"end":{"line":31,"column":30}},"17":{"start":{"line":35,"column":27},"end":{"line":35,"column":94}},"18":{"start":{"line":36,"column":6},"end":{"line":45,"column":null}},"19":{"start":{"line":36,"column":18},"end":{"line":36,"column":19}},"20":{"start":{"line":37,"column":8},"end":{"line":44,"column":null}},"21":{"start":{"line":38,"column":10},"end":{"line":38,"column":54}},"22":{"start":{"line":39,"column":10},"end":{"line":39,"column":16}},"23":{"start":{"line":40,"column":14},"end":{"line":44,"column":null}},"24":{"start":{"line":41,"column":10},"end":{"line":41,"column":36}},"25":{"start":{"line":43,"column":10},"end":{"line":43,"column":48}},"26":{"start":{"line":46,"column":6},"end":{"line":46,"column":35}},"27":{"start":{"line":4,"column":0},"end":{"line":4,"column":13}}},"fnMap":{"0":{"name":"(anonymous_1)","decl":{"start":{"line":4,"column":0},"end":{"line":4,"column":13}},"loc":{"start":{"line":4,"column":0},"end":{"line":49,"column":1}}},"1":{"name":"(anonymous_2)","decl":{"start":{"line":9,"column":11},"end":{"line":9,"column":18}},"loc":{"start":{"line":9,"column":29},"end":{"line":14,"column":5}}},"2":{"name":"(anonymous_3)","decl":{"start":{"line":16,"column":12},"end":{"line":16,"column":30}},"loc":{"start":{"line":16,"column":30},"end":{"line":21,"column":5}}},"3":{"name":"(anonymous_4)","decl":{"start":{"line":23,"column":12},"end":{"line":23,"column":26}},"loc":{"start":{"line":23,"column":37},"end":{"line":32,"column":5}}},"4":{"name":"(anonymous_5)","decl":{"start":{"line":34,"column":12},"end":{"line":34,"column":31}},"loc":{"start":{"line":34,"column":42},"end":{"line":47,"column":5}}}},"branchMap":{"0":{"loc":{"start":{"line":26,"column":8},"end":{"line":29,"column":null}},"type":"if","locations":[{"start":{"line":26,"column":8},"end":{"line":29,"column":null}}]},"1":{"loc":{"start":{"line":37,"column":8},"end":{"line":44,"column":null}},"type":"if","locations":[{"start":{"line":37,"column":8},"end":{"line":44,"column":null}},{"start":{"line":40,"column":14},"end":{"line":44,"column":null}}]},"2":{"loc":{"start":{"line":40,"column":14},"end":{"line":44,"column":null}},"type":"if","locations":[{"start":{"line":40,"column":14},"end":{"line":44,"column":null}},{"start":{"line":42,"column":14},"end":{"line":44,"column":null}}]}},"s":{"0":1,"1":1,"2":1,"3":1,"4":1,"5":5,"6":5,"7":5,"8":5,"9":5,"10":5,"11":5,"12":5,"13":207,"14":5,"15":5,"16":5,"17":5,"18":5,"19":5,"20":313,"21":5,"22":5,"23":308,"24":308,"25":0,"26":5,"27":1},"f":{"0":1,"1":5,"2":5,"3":5,"4":5},"b":{"0":[5],"1":[5,308],"2":[308,0]}}
}
