TN:
SF:src\reader\FileReader.ts
FN:4,(anonymous_1)
FN:9,(anonymous_2)
FN:16,(anonymous_3)
FN:23,(anonymous_4)
FN:34,(anonymous_5)
FNF:5
FNH:5
FNDA:1,(anonymous_1)
FNDA:5,(anonymous_2)
FNDA:5,(anonymous_3)
FNDA:5,(anonymous_4)
FNDA:5,(anonymous_5)
DA:3,1
DA:4,1
DA:5,1
DA:6,1
DA:7,1
DA:8,1
DA:10,5
DA:11,5
DA:12,5
DA:13,5
DA:17,5
DA:24,5
DA:25,5
DA:26,207
DA:27,5
DA:28,5
DA:31,5
DA:35,5
DA:36,5
DA:37,313
DA:38,5
DA:39,5
DA:40,308
DA:41,308
DA:43,0
DA:46,5
LF:26
LH:25
BRDA:26,0,0,5
BRDA:37,1,0,5
BRDA:37,1,1,308
BRDA:40,2,0,308
BRDA:40,2,1,0
BRF:5
BRH:4
end_of_record
